Started on Apr 1, 2024, 12:37:00 PM
Using strategy: Default
[poll] Last Built Revision: Revision 569c584327228a0c53fbd346dfa099df17c7a91a (refs/remotes/origin/master)
The recommended git tool is: git
No credentials specified
 > git --version # timeout=10
 > git --version # 'git version 2.34.1'
 > git ls-remote -h -- https://github.com/Apekshshn/DevOpsClassCodes # timeout=10
Found 1 remote heads on https://github.com/Apekshshn/DevOpsClassCodes
[poll] Latest remote head revision on refs/heads/master is: 569c584327228a0c53fbd346dfa099df17c7a91a - already built by 1
Using strategy: Default
[poll] Last Built Revision: Revision c8c298d7525c5b327137804a8314ada99e33aa10 (refs/remotes/origin/master)
The recommended git tool is: NONE
No credentials specified
 > git --version # timeout=10
 > git --version # 'git version 2.34.1'
 > git ls-remote -h -- https://github.com/akshu20791/DevOpsClassCodes/ # timeout=10
Found 2 remote heads on https://github.com/akshu20791/DevOpsClassCodes/
[poll] Latest remote head revision on refs/heads/master is: 3d1ead05ec11d3b9083881a56aa020e16db51bbc
Done. Took 1.6 sec
Changes found
