Started by timer
[Wed Apr 10 11:46:10 UTC 2024] Starting branch indexing...
 > git --version # timeout=10
 > git --version # 'git version 2.34.1'
 > git ls-remote --symref -- https://github.com/Apekshshn/DevOpsClassCodes # timeout=10
 > git rev-parse --resolve-git-dir /var/lib/jenkins/caches/git-57325ac0108cbd1cf9542cf4e8eabeba/.git # timeout=10
Setting origin to https://github.com/Apekshshn/DevOpsClassCodes
 > git config remote.origin.url https://github.com/Apekshshn/DevOpsClassCodes # timeout=10
Fetching & pruning origin...
Listing remote references...
 > git config --get remote.origin.url # timeout=10
 > git --version # timeout=10
 > git --version # 'git version 2.34.1'
 > git ls-remote -h -- https://github.com/Apekshshn/DevOpsClassCodes # timeout=10
Fetching upstream changes from origin
 > git config --get remote.origin.url # timeout=10
 > git fetch --tags --force --progress --prune -- origin +refs/heads/*:refs/remotes/origin/* # timeout=10
Checking branches...
  Checking branch master
      ‘JenkinsFile1’ found
    Met criteria
No changes detected: master (still at 569c584327228a0c53fbd346dfa099df17c7a91a)
Processed 1 branches
[Wed Apr 10 11:46:12 UTC 2024] Finished branch indexing. Indexing took 1.7 sec
Finished: SUCCESS
